<?xml version="1.0" encoding="UTF-8"?>
<!-- Generated by org.testng.reporters.JUnitXMLReporter -->
<testsuite ignored="0" hostname="LAPTOP-DJR9VIKB" failures="0" tests="3" name="Test" time="15.211" errors="0" timestamp="2023-03-02T15:28:03 IST">
  <testcase classname="sales.sai.transaction.SellingAnItemForPreExistingCustomerTest" name="sellingAnItemForPreExistingCustomerTest" time="2.931"/>
  <testcase classname="sales.sai.transaction.SellingAnItemForNewCustomerTest" name="sellingAnItemForNewCustomerTest" time="3.39"/>
  <testcase classname="sales.sai.transaction.ViewSalesTransactionPageTest" name="viewSalesTransactionPageTest" time="2.665"/>
</testsuite> <!-- Test -->
