<?xml version="1.0" encoding="UTF-8"?>
<testng-results ignored="0" total="3" passed="3" failed="0" skipped="0">
  <reporter-output>
  </reporter-output>
  <suite started-at="2023-03-02T15:27:47 IST" name="Suite" finished-at="2023-03-02T15:28:03 IST" duration-ms="15211">
    <groups>
    </groups>
    <test started-at="2023-03-02T15:27:47 IST" name="Test" finished-at="2023-03-02T15:28:03 IST" duration-ms="15211">
      <class name="sales.sai.transaction.SellingAnItemForPreExistingCustomerTest">
        <test-method is-config="true" signature="beforeTestSetup()[pri:0, instance:sales.sai.transaction.SellingAnItemForPreExistingCustomerTest@27f981c6]" started-at="2023-03-02T15:27:47 IST" name="beforeTestSetup" finished-at="2023-03-02T15:27:50 IST" duration-ms="2084" status="PASS">
          <reporter-output>
          </reporter-output>
        </test-method> <!-- beforeTestSetup -->
        <test-method is-config="true" signature="beforeMethodSetup()[pri:0, instance:sales.sai.transaction.SellingAnItemForPreExistingCustomerTest@27f981c6]" started-at="2023-03-02T15:27:50 IST" name="beforeMethodSetup" finished-at="2023-03-02T15:27:50 IST" duration-ms="332" status="PASS">
          <reporter-output>
          </reporter-output>
        </test-method> <!-- beforeMethodSetup -->
        <test-method signature="sellingAnItemForPreExistingCustomerTest()[pri:0, instance:sales.sai.transaction.SellingAnItemForPreExistingCustomerTest@27f981c6]" started-at="2023-03-02T15:27:50 IST" name="sellingAnItemForPreExistingCustomerTest" finished-at="2023-03-02T15:27:53 IST" duration-ms="2931" status="PASS">
          <reporter-output>
          </reporter-output>
        </test-method> <!-- sellingAnItemForPreExistingCustomerTest -->
        <test-method is-config="true" signature="afterMethodTearDown()[pri:0, instance:sales.sai.transaction.SellingAnItemForPreExistingCustomerTest@27f981c6]" started-at="2023-03-02T15:27:53 IST" name="afterMethodTearDown" finished-at="2023-03-02T15:27:53 IST" duration-ms="199" status="PASS">
          <reporter-output>
          </reporter-output>
        </test-method> <!-- afterMethodTearDown -->
        <test-method is-config="true" signature="afterClassTearDown()[pri:0, instance:sales.sai.transaction.SellingAnItemForPreExistingCustomerTest@27f981c6]" started-at="2023-03-02T15:27:53 IST" name="afterClassTearDown" finished-at="2023-03-02T15:27:53 IST" duration-ms="106" status="PASS">
          <reporter-output>
          </reporter-output>
        </test-method> <!-- afterClassTearDown -->
      </class> <!-- sales.sai.transaction.SellingAnItemForPreExistingCustomerTest -->
      <class name="sales.sai.transaction.SellingAnItemForNewCustomerTest">
        <test-method is-config="true" signature="beforeTestSetup()[pri:0, instance:sales.sai.transaction.SellingAnItemForNewCustomerTest@d9345cd]" started-at="2023-03-02T15:27:53 IST" name="beforeTestSetup" finished-at="2023-03-02T15:27:54 IST" duration-ms="1129" status="PASS">
          <reporter-output>
          </reporter-output>
        </test-method> <!-- beforeTestSetup -->
        <test-method is-config="true" signature="beforeMethodSetup()[pri:0, instance:sales.sai.transaction.SellingAnItemForNewCustomerTest@d9345cd]" started-at="2023-03-02T15:27:54 IST" name="beforeMethodSetup" finished-at="2023-03-02T15:27:55 IST" duration-ms="311" status="PASS">
          <reporter-output>
          </reporter-output>
        </test-method> <!-- beforeMethodSetup -->
        <test-method signature="sellingAnItemForNewCustomerTest()[pri:0, instance:sales.sai.transaction.SellingAnItemForNewCustomerTest@d9345cd]" started-at="2023-03-02T15:27:55 IST" name="sellingAnItemForNewCustomerTest" finished-at="2023-03-02T15:27:58 IST" duration-ms="3390" status="PASS">
          <reporter-output>
          </reporter-output>
        </test-method> <!-- sellingAnItemForNewCustomerTest -->
        <test-method is-config="true" signature="afterMethodTearDown()[pri:0, instance:sales.sai.transaction.SellingAnItemForNewCustomerTest@d9345cd]" started-at="2023-03-02T15:27:58 IST" name="afterMethodTearDown" finished-at="2023-03-02T15:27:58 IST" duration-ms="193" status="PASS">
          <reporter-output>
          </reporter-output>
        </test-method> <!-- afterMethodTearDown -->
        <test-method is-config="true" signature="afterClassTearDown()[pri:0, instance:sales.sai.transaction.SellingAnItemForNewCustomerTest@d9345cd]" started-at="2023-03-02T15:27:58 IST" name="afterClassTearDown" finished-at="2023-03-02T15:27:58 IST" duration-ms="77" status="PASS">
          <reporter-output>
          </reporter-output>
        </test-method> <!-- afterClassTearDown -->
      </class> <!-- sales.sai.transaction.SellingAnItemForNewCustomerTest -->
      <class name="sales.sai.transaction.ViewSalesTransactionPageTest">
        <test-method is-config="true" signature="beforeTestSetup()[pri:0, instance:sales.sai.transaction.ViewSalesTransactionPageTest@2d710f1a]" started-at="2023-03-02T15:27:58 IST" name="beforeTestSetup" finished-at="2023-03-02T15:27:59 IST" duration-ms="1175" status="PASS">
          <reporter-output>
          </reporter-output>
        </test-method> <!-- beforeTestSetup -->
        <test-method is-config="true" signature="beforeMethodSetup()[pri:0, instance:sales.sai.transaction.ViewSalesTransactionPageTest@2d710f1a]" started-at="2023-03-02T15:27:59 IST" name="beforeMethodSetup" finished-at="2023-03-02T15:28:00 IST" duration-ms="300" status="PASS">
          <reporter-output>
          </reporter-output>
        </test-method> <!-- beforeMethodSetup -->
        <test-method signature="viewSalesTransactionPageTest()[pri:0, instance:sales.sai.transaction.ViewSalesTransactionPageTest@2d710f1a]" started-at="2023-03-02T15:28:00 IST" name="viewSalesTransactionPageTest" finished-at="2023-03-02T15:28:02 IST" duration-ms="2665" status="PASS">
          <reporter-output>
          </reporter-output>
        </test-method> <!-- viewSalesTransactionPageTest -->
        <test-method is-config="true" signature="afterMethodTearDown()[pri:0, instance:sales.sai.transaction.ViewSalesTransactionPageTest@2d710f1a]" started-at="2023-03-02T15:28:02 IST" name="afterMethodTearDown" finished-at="2023-03-02T15:28:03 IST" duration-ms="134" status="PASS">
          <reporter-output>
          </reporter-output>
        </test-method> <!-- afterMethodTearDown -->
        <test-method is-config="true" signature="afterClassTearDown()[pri:0, instance:sales.sai.transaction.ViewSalesTransactionPageTest@2d710f1a]" started-at="2023-03-02T15:28:03 IST" name="afterClassTearDown" finished-at="2023-03-02T15:28:03 IST" duration-ms="112" status="PASS">
          <reporter-output>
          </reporter-output>
        </test-method> <!-- afterClassTearDown -->
      </class> <!-- sales.sai.transaction.ViewSalesTransactionPageTest -->
    </test> <!-- Test -->
  </suite> <!-- Suite -->
</testng-results>
