<?xml version="1.0" encoding="UTF-8"?>
<!-- Generated by org.testng.reporters.JUnitReportReporter -->
<testsuite hostname="LAPTOP-DJR9VIKB" failures="0" tests="1" name="sales.sai.transaction.SellingAnItemForNewCustomerTest" time="3.894" errors="0" timestamp="2023-03-02T15:28:03 IST" skipped="0">
  <testcase classname="sales.sai.transaction.SellingAnItemForNewCustomerTest" name="sellingAnItemForNewCustomerTest" time="3.894"/>
  <system-out/>
</testsuite> <!-- sales.sai.transaction.SellingAnItemForNewCustomerTest -->
