<?xml version="1.0" encoding="UTF-8"?>
<!-- Generated by org.testng.reporters.JUnitReportReporter -->
<testsuite hostname="LAPTOP-DJR9VIKB" failures="0" tests="1" name="sales.sai.transaction.CreatingSalesForCustomerTest" time="3.556" errors="0" timestamp="2023-03-02T11:24:13 IST" skipped="0">
  <testcase classname="sales.sai.transaction.CreatingSalesForCustomerTest" name="creatingSalesForCustomerTest" time="3.556"/>
  <system-out/>
</testsuite> <!-- sales.sai.transaction.CreatingSalesForCustomerTest -->
